[17416] Log opened at 2023-05-28 12:37:40.256523
[17416] [Step Debug] INFO: Connecting to configured address/port: 127.0.0.1:9000.
[17416] [Step Debug] INFO: Connected to debugging client: 127.0.0.1:9000 (through xdebug.client_host/xdebug.client_port).
[17416] [Step Debug] -> <init xmlns="urn:debugger_protocol_v1" xmlns:xdebug="https://xdebug.org/dbgp/xdebug" fileuri="file:///Users/michaelpopov/PhpstormProjects/pobisk-code-2-MerMaid-network-graph-states-and-actions/c2p_Test.php" language="PHP" xdebug:language_version="8.2.6" protocol_version="1.0" appid="17416" idekey="17070"><engine version="3.2.1"><![CDATA[Xdebug]]></engine><author><![CDATA[Derick Rethans]]></author><url><![CDATA[https://xdebug.org]]></url><copyright><![CDATA[Copyright (c) 2002-2023 by Derick Rethans]]></copyright></init>

[17416] [Step Debug] -> <response xmlns="urn:debugger_protocol_v1" xmlns:xdebug="https://xdebug.org/dbgp/xdebug" status="stopping" reason="ok"></response>

[17416] [Step Debug] WARN: The debugging client closed the connection on socket 6: Broken pipe (error: 32).
[17416] Log closed at 2023-05-28 12:37:40.263415

[17443] Log opened at 2023-05-28 12:38:56.725626
[17443] [Step Debug] INFO: Connecting to configured address/port: 127.0.0.1:9000.
[17443] [Step Debug] INFO: Connected to debugging client: 127.0.0.1:9000 (through xdebug.client_host/xdebug.client_port).
[17443] [Step Debug] -> <init xmlns="urn:debugger_protocol_v1" xmlns:xdebug="https://xdebug.org/dbgp/xdebug" fileuri="file:///Users/michaelpopov/PhpstormProjects/pobisk-code-2-MerMaid-network-graph-states-and-actions/c2p_Test.php" language="PHP" xdebug:language_version="8.2.6" protocol_version="1.0" appid="17443" idekey="19891"><engine version="3.2.1"><![CDATA[Xdebug]]></engine><author><![CDATA[Derick Rethans]]></author><url><![CDATA[https://xdebug.org]]></url><copyright><![CDATA[Copyright (c) 2002-2023 by Derick Rethans]]></copyright></init>

[17443] [Step Debug] -> <response xmlns="urn:debugger_protocol_v1" xmlns:xdebug="https://xdebug.org/dbgp/xdebug" status="stopping" reason="ok"></response>

[17443] [Step Debug] WARN: The debugging client closed the connection on socket 6: Broken pipe (error: 32).
[17443] Log closed at 2023-05-28 12:38:56.729049

[17462] Log opened at 2023-05-28 12:40:17.232107
[17462] [Step Debug] INFO: Connecting to configured address/port: 127.0.0.1:9000.
[17462] [Step Debug] INFO: Connected to debugging client: 127.0.0.1:9000 (through xdebug.client_host/xdebug.client_port).
[17462] [Step Debug] -> <init xmlns="urn:debugger_protocol_v1" xmlns:xdebug="https://xdebug.org/dbgp/xdebug" fileuri="file:///Users/michaelpopov/PhpstormProjects/pobisk-code-2-MerMaid-network-graph-states-and-actions/c2p_Test.php" language="PHP" xdebug:language_version="8.2.6" protocol_version="1.0" appid="17462" idekey="13272"><engine version="3.2.1"><![CDATA[Xdebug]]></engine><author><![CDATA[Derick Rethans]]></author><url><![CDATA[https://xdebug.org]]></url><copyright><![CDATA[Copyright (c) 2002-2023 by Derick Rethans]]></copyright></init>

[17462] [Step Debug] -> <response xmlns="urn:debugger_protocol_v1" xmlns:xdebug="https://xdebug.org/dbgp/xdebug" status="stopping" reason="ok"></response>

[17462] [Step Debug] WARN: The debugging client closed the connection on socket 6: Broken pipe (error: 32).
[17462] Log closed at 2023-05-28 12:40:17.235732

[17470] Log opened at 2023-05-28 12:41:00.051366
[17470] [Step Debug] INFO: Connecting to configured address/port: 127.0.0.1:9000.
[17470] [Step Debug] INFO: Connected to debugging client: 127.0.0.1:9000 (through xdebug.client_host/xdebug.client_port).
[17470] [Step Debug] -> <init xmlns="urn:debugger_protocol_v1" xmlns:xdebug="https://xdebug.org/dbgp/xdebug" fileuri="file:///Users/michaelpopov/PhpstormProjects/pobisk-code-2-MerMaid-network-graph-states-and-actions/c2p_Test.php" language="PHP" xdebug:language_version="8.2.6" protocol_version="1.0" appid="17470" idekey="11160"><engine version="3.2.1"><![CDATA[Xdebug]]></engine><author><![CDATA[Derick Rethans]]></author><url><![CDATA[https://xdebug.org]]></url><copyright><![CDATA[Copyright (c) 2002-2023 by Derick Rethans]]></copyright></init>

[17470] [Step Debug] -> <response xmlns="urn:debugger_protocol_v1" xmlns:xdebug="https://xdebug.org/dbgp/xdebug" status="stopping" reason="ok"></response>

[17470] [Step Debug] WARN: The debugging client closed the connection on socket 6: Broken pipe (error: 32).
[17470] Log closed at 2023-05-28 12:41:00.055009

[17538] Log opened at 2023-05-28 12:46:17.970090
[17538] [Step Debug] INFO: Connecting to configured address/port: 127.0.0.1:9003.
[17538] [Step Debug] INFO: Connected to debugging client: 127.0.0.1:9003 (through xdebug.client_host/xdebug.client_port).
[17538] [Step Debug] -> <init xmlns="urn:debugger_protocol_v1" xmlns:xdebug="https://xdebug.org/dbgp/xdebug" fileuri="file:///Users/michaelpopov/PhpstormProjects/pobisk-code-2-MerMaid-network-graph-states-and-actions/c2p_Test.php" language="PHP" xdebug:language_version="8.2.6" protocol_version="1.0" appid="17538" idekey="13491"><engine version="3.2.1"><![CDATA[Xdebug]]></engine><author><![CDATA[Derick Rethans]]></author><url><![CDATA[https://xdebug.org]]></url><copyright><![CDATA[Copyright (c) 2002-2023 by Derick Rethans]]></copyright></init>

[17538] [Step Debug] <- feature_set -i 1 -n show_hidden -v 1
[17538] [Step Debug] -> <response xmlns="urn:debugger_protocol_v1" xmlns:xdebug="https://xdebug.org/dbgp/xdebug" command="feature_set" transaction_id="1" feature="show_hidden" success="1"></response>

[17538] [Step Debug] <- feature_set -i 2 -n max_depth -v 1
[17538] [Step Debug] -> <response xmlns="urn:debugger_protocol_v1" xmlns:xdebug="https://xdebug.org/dbgp/xdebug" command="feature_set" transaction_id="2" feature="max_depth" success="1"></response>

[17538] [Step Debug] <- feature_set -i 3 -n max_children -v 100
[17538] [Step Debug] -> <response xmlns="urn:debugger_protocol_v1" xmlns:xdebug="https://xdebug.org/dbgp/xdebug" command="feature_set" transaction_id="3" feature="max_children" success="1"></response>

[17538] [Step Debug] <- feature_set -i 4 -n extended_properties -v 1
[17538] [Step Debug] -> <response xmlns="urn:debugger_protocol_v1" xmlns:xdebug="https://xdebug.org/dbgp/xdebug" command="feature_set" transaction_id="4" feature="extended_properties" success="1"></response>

[17538] [Step Debug] <- feature_set -i 5 -n notify_ok -v 1
[17538] [Step Debug] -> <response xmlns="urn:debugger_protocol_v1" xmlns:xdebug="https://xdebug.org/dbgp/xdebug" command="feature_set" transaction_id="5" feature="notify_ok" success="1"></response>

[17538] [Step Debug] <- feature_set -i 6 -n resolved_breakpoints -v 1
[17538] [Step Debug] -> <response xmlns="urn:debugger_protocol_v1" xmlns:xdebug="https://xdebug.org/dbgp/xdebug" command="feature_set" transaction_id="6" feature="resolved_breakpoints" success="1"></response>

[17538] [Step Debug] <- feature_set -i 7 -n breakpoint_include_return_value -v 1
[17538] [Step Debug] -> <response xmlns="urn:debugger_protocol_v1" xmlns:xdebug="https://xdebug.org/dbgp/xdebug" command="feature_set" transaction_id="7" feature="breakpoint_include_return_value" success="1"></response>

[17538] [Step Debug] <- status -i 8
[17538] [Step Debug] -> <response xmlns="urn:debugger_protocol_v1" xmlns:xdebug="https://xdebug.org/dbgp/xdebug" command="status" transaction_id="8" status="starting" reason="ok"></response>

[17538] [Step Debug] <- step_into -i 9
[17538] [Step Debug] -> <response xmlns="urn:debugger_protocol_v1" xmlns:xdebug="https://xdebug.org/dbgp/xdebug" command="step_into" transaction_id="9" status="break" reason="ok"><xdebug:message filename="file:///Users/michaelpopov/PhpstormProjects/pobisk-code-2-MerMaid-network-graph-states-and-actions/c2p_Test.php" lineno="3"></xdebug:message></response>

[17538] [Step Debug] <- breakpoint_set -i 10 -t line -f file:///Users/michaelpopov/PhpstormProjects/pobisk-code-2-MerMaid-network-graph-states-and-actions/c2p_Test.php -n 6
[17538] [Step Debug] -> <notify xmlns="urn:debugger_protocol_v1" xmlns:xdebug="https://xdebug.org/dbgp/xdebug" name="breakpoint_resolved"><breakpoint type="line" resolved="resolved" filename="file:///Users/michaelpopov/PhpstormProjects/pobisk-code-2-MerMaid-network-graph-states-and-actions/c2p_Test.php" lineno="6" state="enabled" hit_count="0" hit_value="0" id="175380001"></breakpoint></notify>

[17538] [Step Debug] -> <response xmlns="urn:debugger_protocol_v1" xmlns:xdebug="https://xdebug.org/dbgp/xdebug" command="breakpoint_set" transaction_id="10" id="175380001" resolved="resolved"></response>

[17538] [Step Debug] <- stack_get -i 11
[17538] [Step Debug] -> <response xmlns="urn:debugger_protocol_v1" xmlns:xdebug="https://xdebug.org/dbgp/xdebug" command="stack_get" transaction_id="11"><stack where="{main}" level="0" type="file" filename="file:///Users/michaelpopov/PhpstormProjects/pobisk-code-2-MerMaid-network-graph-states-and-actions/c2p_Test.php" lineno="3"></stack></response>

[17538] [Step Debug] <- run -i 12
[17538] [Step Debug] -> <response xmlns="urn:debugger_protocol_v1" xmlns:xdebug="https://xdebug.org/dbgp/xdebug" command="run" transaction_id="12" status="break" reason="ok"><xdebug:message filename="file:///Users/michaelpopov/PhpstormProjects/pobisk-code-2-MerMaid-network-graph-states-and-actions/c2p_Test.php" lineno="6"></xdebug:message></response>

[17538] [Step Debug] <- stack_get -i 13
[17538] [Step Debug] -> <response xmlns="urn:debugger_protocol_v1" xmlns:xdebug="https://xdebug.org/dbgp/xdebug" command="stack_get" transaction_id="13"><stack where="{main}" level="0" type="file" filename="file:///Users/michaelpopov/PhpstormProjects/pobisk-code-2-MerMaid-network-graph-states-and-actions/c2p_Test.php" lineno="6"></stack></response>

[17538] [Step Debug] <- context_names -i 14
[17538] [Step Debug] -> <response xmlns="urn:debugger_protocol_v1" xmlns:xdebug="https://xdebug.org/dbgp/xdebug" command="context_names" transaction_id="14"><context name="Locals" id="0"></context><context name="Superglobals" id="1"></context><context name="User defined constants" id="2"></context></response>

[17538] [Step Debug] <- context_get -i 15 -d 0 -c 0
[17538] [Step Debug] -> <response xmlns="urn:debugger_protocol_v1" xmlns:xdebug="https://xdebug.org/dbgp/xdebug" command="context_get" transaction_id="15" context="0"><property name="$filename" fullname="$filename" type="string" size="7" encoding="base64"><![CDATA[YzJwLnBocA==]]></property><property name="$mermaidCode" fullname="$mermaidCode" type="uninitialized"></property></response>

[17538] [Step Debug] <- context_get -i 16 -d 0 -c 0
[17538] [Step Debug] -> <response xmlns="urn:debugger_protocol_v1" xmlns:xdebug="https://xdebug.org/dbgp/xdebug" command="context_get" transaction_id="16" context="0"><property name="$filename" fullname="$filename" type="string" size="7" encoding="base64"><![CDATA[YzJwLnBocA==]]></property><property name="$mermaidCode" fullname="$mermaidCode" type="uninitialized"></property></response>

[17538] [Step Debug] <- context_get -i 17 -d 0 -c 1
[17538] [Step Debug] -> <response xmlns="urn:debugger_protocol_v1" xmlns:xdebug="https://xdebug.org/dbgp/xdebug" command="context_get" transaction_id="17" context="1"><property name="$_GET" fullname="$_GET" type="array" children="0" numchildren="0" page="0" pagesize="100"></property><property name="$_POST" fullname="$_POST" type="array" children="0" numchildren="0" page="0" pagesize="100"></property><property name="$_COOKIE" fullname="$_COOKIE" type="array" children="0" numchildren="0" page="0" pagesize="100"></property><property name="$_FILES" fullname="$_FILES" type="array" children="0" numchildren="0" page="0" pagesize="100"></property><property name="$argv" fullname="$argv" type="array" children="1" numchildren="1" page="0" pagesize="100"><property name="0" fullname="$argv[0]" type="string" size="104" encoding="base64"><![CDATA[L1VzZXJzL21pY2hhZWxwb3Bvdi9QaHBzdG9ybVByb2plY3RzL3BvYmlzay1jb2RlLTItTWVyTWFpZC1uZXR3b3JrLWdyYXBoLXN0YXRlcy1hbmQtYWN0aW9ucy9jMnBfVGVzdC5waHA=]]></property></property><property name="$argc" fullname="$argc" type="int"><![CDATA[1]]></property><property name="$_ENV" fullname="$_ENV" type="array" children="0" numchildren="0" page="0" pagesize="100"></property><property name="$_REQUEST" fullname="$_REQUEST" type="array" children="0" numchildren="0" page="0" pagesize="100"></property><property name="$_SERVER" fullname="$_SERVER" type="array" children="1" numchildren="31" page="0" pagesize="100"><property name="PATH" fullname="$_SERVER[&quot;PATH&quot;]" type="string" size="358" encoding="base64"><![CDATA[L29wdC9ob21lYnJldy9iaW46L29wdC9ob21lYnJldy9zYmluOi91c3IvbG9jYWwvYmluOi9TeXN0ZW0vQ3J5cHRleGVzL0FwcC91c3IvYmluOi91c3IvYmluOi9iaW46L3Vzci9zYmluOi9zYmluOi9MaWJyYXJ5L0FwcGxlL3Vzci9iaW46L3Zhci9ydW4vY29tLmFwcGxlLnNlY3VyaXR5LmNyeXB0ZXhkL2NvZGV4LnN5c3RlbS9ib290c3RyYXAvdXNyL2xvY2FsL2JpbjovdmFyL3J1bi9jb20uYXBwbGUuc2VjdXJpdHkuY3J5cHRleGQvY29kZXguc3lzdGVtL2Jvb3RzdHJhcC91c3IvYmluOi92YXIvcnVuL2NvbS5hcHBsZS5zZWN1cml0eS5jcnlwdGV4ZC9jb2RleC5zeXN0ZW0vYm9vdHN0cmFwL3Vzci9hcHBsZWludGVybmFsL2Jpbg==]]></property><property name="__CFBundleIdentifier" fullname="$_SERVER[&quot;__CFBundleIdentifier&quot;]" type="string" size="22" encoding="base64"><![CDATA[Y29tLmpldGJyYWlucy5QaHBTdG9ybQ==]]></property><property name="SHELL" fullname="$_SERVER[&quot;SHELL&quot;]" type="string" size="8" encoding="base64"><![CDATA[L2Jpbi96c2g=]]></property><property name="MANPATH" fullname="$_SERVER[&quot;MANPATH&quot;]" type="string" size="25" encoding="base64"><![CDATA[L29wdC9ob21lYnJldy9zaGFyZS9tYW46Og==]]></property><property name="OLDPWD" fullname="$_SERVER[&quot;OLDPWD&quot;]" type="string" size="1" encoding="base64"><![CDATA[Lw==]]></property><property name="HOMEBREW_CELLAR" fullname="$_SERVER[&quot;HOMEBREW_CELLAR&quot;]" type="string" size="20" encoding="base64"><![CDATA[L29wdC9ob21lYnJldy9DZWxsYXI=]]></property><property name="TERM" fullname="$_SERVER[&quot;TERM&quot;]" type="string" size="14" encoding="base64"><![CDATA[eHRlcm0tMjU2Y29sb3I=]]></property><property name="USER" fullname="$_SERVER[&quot;USER&quot;]" type="string" size="12" encoding="base64"><![CDATA[bWljaGFlbHBvcG92]]></property><property name="HOMEBREW_PREFIX" fullname="$_SERVER[&quot;HOMEBREW_PREFIX&quot;]" type="string" size="13" encoding="base64"><![CDATA[L29wdC9ob21lYnJldw==]]></property><property name="TMPDIR" fullname="$_SERVER[&quot;TMPDIR&quot;]" type="string" size="49" encoding="base64"><![CDATA[L3Zhci9mb2xkZXJzLzVzLzh4MnE4d2s5MGN6XzRfNW1oa3FiNW1nYzAwMDBnbi9ULw==]]></property><property name="COMMAND_MODE" fullname="$_SERVER[&quot;COMMAND_MODE&quot;]" type="string" size="8" encoding="base64"><![CDATA[dW5peDIwMDM=]]></property><property name="SSH_AUTH_SOCK" fullname="$_SERVER[&quot;SSH_AUTH_SOCK&quot;]" type="string" size="51" encoding="base64"><![CDATA[L3ByaXZhdGUvdG1wL2NvbS5hcHBsZS5sYXVuY2hkLlBBVUZxU2JLWGsvTGlzdGVuZXJz]]></property><property name="XPC_FLAGS" fullname="$_SERVER[&quot;XPC_FLAGS&quot;]" type="string" size="3" encoding="base64"><![CDATA[MHgw]]></property><property name="__CF_USER_TEXT_ENCODING" fullname="$_SERVER[&quot;__CF_USER_TEXT_ENCODING&quot;]" type="string" size="14" encoding="base64"><![CDATA[MHgxRjU6MHg3OjB4MzE=]]></property><property name="LOGNAME" fullname="$_SERVER[&quot;LOGNAME&quot;]" type="string" size="12" encoding="base64"><![CDATA[bWljaGFlbHBvcG92]]></property><property name="XDEBUG_CONFIG" fullname="$_SERVER[&quot;XDEBUG_CONFIG&quot;]" type="string" size="12" encoding="base64"><![CDATA[aWRla2V5PTEzNDkx]]></property><property name="HOMEBREW_REPOSITORY" fullname="$_SERVER[&quot;HOMEBREW_REPOSITORY&quot;]" type="string" size="13" encoding="base64"><![CDATA[L29wdC9ob21lYnJldw==]]></property><property name="LC_CTYPE" fullname="$_SERVER[&quot;LC_CTYPE&quot;]" type="string" size="11" encoding="base64"><![CDATA[cnVfUlUuVVRGLTg=]]></property><property name="XPC_SERVICE_NAME" fullname="$_SERVER[&quot;XPC_SERVICE_NAME&quot;]" type="string" size="50" encoding="base64"><![CDATA[YXBwbGljYXRpb24uY29tLmpldGJyYWlucy5QaHBTdG9ybS4xMTIwOTc4LjExMjE2NDA=]]></property><property name="PWD" fullname="$_SERVER[&quot;PWD&quot;]" type="string" size="91" encoding="base64"><![CDATA[L1VzZXJzL21pY2hhZWxwb3Bvdi9QaHBzdG9ybVByb2plY3RzL3BvYmlzay1jb2RlLTItTWVyTWFpZC1uZXR3b3JrLWdyYXBoLXN0YXRlcy1hbmQtYWN0aW9ucw==]]></property><property name="HOME" fullname="$_SERVER[&quot;HOME&quot;]" type="string" size="19" encoding="base64"><![CDATA[L1VzZXJzL21pY2hhZWxwb3Bvdg==]]></property><property name="INFOPATH" fullname="$_SERVER[&quot;INFOPATH&quot;]" type="string" size="25" encoding="base64"><![CDATA[L29wdC9ob21lYnJldy9zaGFyZS9pbmZvOg==]]></property><property name="PHP_SELF" fullname="$_SERVER[&quot;PHP_SELF&quot;]" type="string" size="104" encoding="base64"><![CDATA[L1VzZXJzL21pY2hhZWxwb3Bvdi9QaHBzdG9ybVByb2plY3RzL3BvYmlzay1jb2RlLTItTWVyTWFpZC1uZXR3b3JrLWdyYXBoLXN0YXRlcy1hbmQtYWN0aW9ucy9jMnBfVGVzdC5waHA=]]></property><property name="SCRIPT_NAME" fullname="$_SERVER[&quot;SCRIPT_NAME&quot;]" type="string" size="104" encoding="base64"><![CDATA[L1VzZXJzL21pY2hhZWxwb3Bvdi9QaHBzdG9ybVByb2plY3RzL3BvYmlzay1jb2RlLTItTWVyTWFpZC1uZXR3b3JrLWdyYXBoLXN0YXRlcy1hbmQtYWN0aW9ucy9jMnBfVGVzdC5waHA=]]></property><property name="SCRIPT_FILENAME" fullname="$_SERVER[&quot;SCRIPT_FILENAME&quot;]" type="string" size="104" encoding="base64"><![CDATA[L1VzZXJzL21pY2hhZWxwb3Bvdi9QaHBzdG9ybVByb2plY3RzL3BvYmlzay1jb2RlLTItTWVyTWFpZC1uZXR3b3JrLWdyYXBoLXN0YXRlcy1hbmQtYWN0aW9ucy9jMnBfVGVzdC5waHA=]]></property><property name="PATH_TRANSLATED" fullname="$_SERVER[&quot;PATH_TRANSLATED&quot;]" type="string" size="104" encoding="base64"><![CDATA[L1VzZXJzL21pY2hhZWxwb3Bvdi9QaHBzdG9ybVByb2plY3RzL3BvYmlzay1jb2RlLTItTWVyTWFpZC1uZXR3b3JrLWdyYXBoLXN0YXRlcy1hbmQtYWN0aW9ucy9jMnBfVGVzdC5waHA=]]></property><property name="DOCUMENT_ROOT" fullname="$_SERVER[&quot;DOCUMENT_ROOT&quot;]" type="string" size="0" encoding="base64"><![CDATA[]]></property><property name="REQUEST_TIME_FLOAT" fullname="$_SERVER[&quot;REQUEST_TIME_FLOAT&quot;]" type="float"><![CDATA[1685277977.9703]]></property><property name="REQUEST_TIME" fullname="$_SERVER[&quot;REQUEST_TIME&quot;]" type="int"><![CDATA[1685277977]]></property><property name="argv" fullname="$_SERVER[&quot;argv&quot;]" type="array" children="1" numchildren="1"></property><property name="argc" fullname="$_SERVER[&quot;argc&quot;]" type="int"><![CDATA[1]]></property></property><property name="$filename" fullname="$filename" type="string" size="7" encoding="base64"><![CDATA[YzJwLnBocA==]]></property></response>

[17538] [Step Debug] <- context_get -i 18 -d 0 -c 2
[17538] [Step Debug] -> <response xmlns="urn:debugger_protocol_v1" xmlns:xdebug="https://xdebug.org/dbgp/xdebug" command="context_get" transaction_id="18" context="2"></response>

[17538] [Step Debug] <- stop -i 19
[17538] [Step Debug] -> <response xmlns="urn:debugger_protocol_v1" xmlns:xdebug="https://xdebug.org/dbgp/xdebug" command="stop" transaction_id="19" status="stopped" reason="ok"></response>

[17538] [Step Debug] -> <response xmlns="urn:debugger_protocol_v1" xmlns:xdebug="https://xdebug.org/dbgp/xdebug" command="stop" transaction_id="19" status="stopping" reason="ok"></response>

[17538] [Step Debug] <- detach -i 20
[17538] [Step Debug] -> <response xmlns="urn:debugger_protocol_v1" xmlns:xdebug="https://xdebug.org/dbgp/xdebug" command="detach" transaction_id="20" status="stopping" reason="ok"></response>

[17538] Log closed at 2023-05-28 12:46:30.601170

[17540] Log opened at 2023-05-28 12:46:30.843246
[17540] [Step Debug] INFO: Connecting to configured address/port: 127.0.0.1:9003.
[17540] [Step Debug] WARN: Creating socket for '127.0.0.1:9003', poll success, but error: Operation now in progress (19).
[17540] [Step Debug] ERR: Could not connect to debugging client. Tried: 127.0.0.1:9003 (through xdebug.client_host/xdebug.client_port).
[17540] Log closed at 2023-05-28 12:46:30.846251

[17873] Log opened at 2023-05-28 13:01:30.541281
[17873] [Step Debug] INFO: Connecting to configured address/port: 127.0.0.1:9003.
[17873] [Step Debug] WARN: Creating socket for '127.0.0.1:9003', poll success, but error: Operation now in progress (19).
[17873] [Step Debug] ERR: Could not connect to debugging client. Tried: 127.0.0.1:9003 (through xdebug.client_host/xdebug.client_port).
[17873] Log closed at 2023-05-28 13:01:30.544774

